# JRE version: Java(TM) SE Runtime Environment (8.0_101-b13) (build 1.8.0_101-b13)
# Java VM: Java HotSpot(TM) 64-Bit Server VM (25.101-b13 mixed mode linux-amd64 compressed oops)
Heap:
 PSYoungGen      total 136704K, used 13743K [0x000000076d000000, 0x0000000777d80000, 0x00000007c0000000)
  eden space 114688K, 7% used [0x000000076d000000,0x000000076d843d50,0x0000000774000000)
  from space 22016K, 23% used [0x0000000774000000,0x0000000774528000,0x0000000775580000)
  to   space 20480K, 0% used [0x0000000776980000,0x0000000776980000,0x0000000777d80000)
 ParOldGen       total 196608K, used 146056K [0x00000006c7000000, 0x00000006d3000000, 0x000000076d000000)
  object space 196608K, 74% used [0x00000006c7000000,0x00000006cfea2058,0x00000006d3000000)
 Metaspace       used 12171K, capacity 12380K, committed 12672K, reserved 1060864K
  class space    used 1474K, capacity 1549K, committed 1664K, reserved 1048576K
GC Heap History (10 events):
Event: 477.430 GC heap before
{Heap before GC invocations=778 (full 3):
 PSYoungGen      total 87552K, used 87104K [0x000000076d000000, 0x0000000775980000, 0x00000007c0000000)
  eden space 87040K, 100% used [0x000000076d000000,0x0000000772500000,0x0000000772500000)
  from space 512K, 12% used [0x0000000775900000,0x0000000775910000,0x0000000775980000)
  to   space 3072K, 0% used [0x0000000775380000,0x0000000775380000,0x0000000775680000)
 ParOldGen       total 196608K, used 94480K [0x00000006c7000000, 0x00000006d3000000, 0x000000076d000000)
  object space 196608K, 48% used [0x00000006c7000000,0x00000006ccc44058,0x00000006d3000000)
 Metaspace       used 12167K, capacity 12316K, committed 12672K, reserved 1060864K
  class space    used 1472K, capacity 1549K, committed 1664K, reserved 1048576K
Event: 477.431 GC heap after
Heap after GC invocations=778 (full 3):
 PSYoungGen      total 88064K, used 96K [0x000000076d000000, 0x0000000775980000, 0x00000007c0000000)
  eden space 84992K, 0% used [0x000000076d000000,0x000000076d000000,0x0000000772300000)
  from space 3072K, 3% used [0x0000000775380000,0x0000000775398000,0x0000000775680000)
  to   space 3072K, 0% used [0x0000000775680000,0x0000000775680000,0x0000000775980000)
 ParOldGen       total 196608K, used 94480K [0x00000006c7000000, 0x00000006d3000000, 0x000000076d000000)
  object space 196608K, 48% used [0x00000006c7000000,0x00000006ccc44058,0x00000006d3000000)
 Metaspace       used 12167K, capacity 12316K, committed 12672K, reserved 1060864K
  class space    used 1472K, capacity 1549K, committed 1664K, reserved 1048576K
}
Event: 477.936 GC heap before
{Heap before GC invocations=779 (full 3):
 PSYoungGen      total 88064K, used 85088K [0x000000076d000000, 0x0000000775980000, 0x00000007c0000000)
  eden space 84992K, 100% used [0x000000076d000000,0x0000000772300000,0x0000000772300000)
  from space 3072K, 3% used [0x0000000775380000,0x0000000775398000,0x0000000775680000)
  to   space 3072K, 0% used [0x0000000775680000,0x0000000775680000,0x0000000775980000)
 ParOldGen       total 196608K, used 94480K [0x00000006c7000000, 0x00000006d3000000, 0x000000076d000000)
  object space 196608K, 48% used [0x00000006c7000000,0x00000006ccc44058,0x00000006d3000000)
 Metaspace       used 12167K, capacity 12316K, committed 12672K, reserved 1060864K
  class space    used 1472K, capacity 1549K, committed 1664K, reserved 1048576K
Event: 477.942 GC heap after
Heap after GC invocations=779 (full 3):
 PSYoungGen      total 96256K, used 2368K [0x000000076d000000, 0x0000000775900000, 0x00000007c0000000)
  eden space 93696K, 0% used [0x000000076d000000,0x000000076d000000,0x0000000772b80000)
  from space 2560K, 92% used [0x0000000775680000,0x00000007758d0000,0x0000000775900000)
  to   space 3584K, 0% used [0x0000000775200000,0x0000000775200000,0x0000000775580000)
 ParOldGen       total 196608K, used 94480K [0x00000006c7000000, 0x00000006d3000000, 0x000000076d000000)
  object space 196608K, 48% used [0x00000006c7000000,0x00000006ccc44058,0x00000006d3000000)
 Metaspace       used 12167K, capacity 12316K, committed 12672K, reserved 1060864K
  class space    used 1472K, capacity 1549K, committed 1664K, reserved 1048576K
}
Event: 478.155 GC heap before
{Heap before GC invocations=780 (full 3):
 PSYoungGen      total 96256K, used 96064K [0x000000076d000000, 0x0000000775900000, 0x00000007c0000000)
  eden space 93696K, 100% used [0x000000076d000000,0x0000000772b80000,0x0000000772b80000)
  from space 2560K, 92% used [0x0000000775680000,0x00000007758d0000,0x0000000775900000)
  to   space 3584K, 0% used [0x0000000775200000,0x0000000775200000,0x0000000775580000)
 ParOldGen       total 196608K, used 94480K [0x00000006c7000000, 0x00000006d3000000, 0x000000076d000000)
  object space 196608K, 48% used [0x00000006c7000000,0x00000006ccc44058,0x00000006d3000000)
 Metaspace       used 12168K, capacity 12380K, committed 12672K, reserved 1060864K
  class space    used 1473K, capacity 1549K, committed 1664K, reserved 1048576K
Event: 478.208 GC heap after
Heap after GC invocations=780 (full 3):
 PSYoungGen      total 114688K, used 3584K [0x000000076d000000, 0x0000000775880000, 0x00000007c0000000)
  eden space 111104K, 0% used [0x000000076d000000,0x000000076d000000,0x0000000773c80000)
  from space 3584K, 100% used [0x0000000775200000,0x0000000775580000,0x0000000775580000)
  to   space 3072K, 0% used [0x0000000775580000,0x0000000775580000,0x0000000775880000)
 ParOldGen       total 196608K, used 121568K [0x00000006c7000000, 0x00000006d3000000, 0x000000076d000000)
  object space 196608K, 61% used [0x00000006c7000000,0x00000006ce6b8058,0x00000006d3000000)
 Metaspace       used 12168K, capacity 12380K, committed 12672K, reserved 1060864K
  class space    used 1473K, capacity 1549K, committed 1664K, reserved 1048576K
}
Event: 478.384 GC heap before
{Heap before GC invocations=781 (full 3):
 PSYoungGen      total 114688K, used 114688K [0x000000076d000000, 0x0000000775880000, 0x00000007c0000000)
  eden space 111104K, 100% used [0x000000076d000000,0x0000000773c80000,0x0000000773c80000)
  from space 3584K, 100% used [0x0000000775200000,0x0000000775580000,0x0000000775580000)
  to   space 3072K, 0% used [0x0000000775580000,0x0000000775580000,0x0000000775880000)
 ParOldGen       total 196608K, used 121568K [0x00000006c7000000, 0x00000006d3000000, 0x000000076d000000)
  object space 196608K, 61% used [0x00000006c7000000,0x00000006ce6b8058,0x00000006d3000000)
 Metaspace       used 12168K, capacity 12380K, committed 12672K, reserved 1060864K
  class space    used 1473K, capacity 1549K, committed 1664K, reserved 1048576K
Event: 478.433 GC heap after
Heap after GC invocations=781 (full 3):
 PSYoungGen      total 117760K, used 3072K [0x000000076d000000, 0x0000000777c80000, 0x00000007c0000000)
  eden space 114688K, 0% used [0x000000076d000000,0x000000076d000000,0x0000000774000000)
  from space 3072K, 100% used [0x0000000775580000,0x0000000775880000,0x0000000775880000)
  to   space 22016K, 0% used [0x0000000774000000,0x0000000774000000,0x0000000775580000)
 ParOldGen       total 196608K, used 146056K [0x00000006c7000000, 0x00000006d3000000, 0x000000076d000000)
  object space 196608K, 74% used [0x00000006c7000000,0x00000006cfea2058,0x00000006d3000000)
 Metaspace       used 12168K, capacity 12380K, committed 12672K, reserved 1060864K
  class space    used 1473K, capacity 1549K, committed 1664K, reserved 1048576K
}
Event: 478.688 GC heap before
{Heap before GC invocations=782 (full 3):
 PSYoungGen      total 117760K, used 117760K [0x000000076d000000, 0x0000000777c80000, 0x00000007c0000000)
  eden space 114688K, 100% used [0x000000076d000000,0x0000000774000000,0x0000000774000000)
  from space 3072K, 100% used [0x0000000775580000,0x0000000775880000,0x0000000775880000)
  to   space 22016K, 0% used [0x0000000774000000,0x0000000774000000,0x0000000775580000)
 ParOldGen       total 196608K, used 146056K [0x00000006c7000000, 0x00000006d3000000, 0x000000076d000000)
  object space 196608K, 74% used [0x00000006c7000000,0x00000006cfea2058,0x00000006d3000000)
 Metaspace       used 12168K, capacity 12380K, committed 12672K, reserved 1060864K
  class space    used 1473K, capacity 1549K, committed 1664K, reserved 1048576K
Event: 478.705 GC heap after
Heap after GC invocations=782 (full 3):
 PSYoungGen      total 136704K, used 5280K [0x000000076d000000, 0x0000000777d80000, 0x00000007c0000000)
  eden space 114688K, 0% used [0x000000076d000000,0x000000076d000000,0x0000000774000000)
  from space 22016K, 23% used [0x0000000774000000,0x0000000774528000,0x0000000775580000)
  to   space 20480K, 0% used [0x0000000776980000,0x0000000776980000,0x0000000777d80000)
 ParOldGen       total 196608K, used 146056K [0x00000006c7000000, 0x00000006d3000000, 0x000000076d000000)
  object space 196608K, 74% used [0x00000006c7000000,0x00000006cfea2058,0x00000006d3000000)
 Metaspace       used 12168K, capacity 12380K, committed 12672K, reserved 1060864K
  class space    used 1473K, capacity 1549K, committed 1664K, reserved 1048576K
}

